#
# There is insufficient memory for the Java Runtime Environment to continue.
# Native memory allocation (mmap) failed to map 266338304 bytes for Failed to commit area from 0x00000006c3200000 to 0x00000006d3000000 of length 266338304.
# Possible reasons:
#   The system is out of physical RAM or swap space
#   The process is running with CompressedOops enabled, and the Java Heap may be blocking the growth of the native heap
# Possible solutions:
#   Reduce memory load on the system
#   Increase physical memory or swap space
#   Check if swap backing store is full
#   Decrease Java heap size (-Xmx/-Xms)
#   Decrease number of Java threads
#   Decrease Java thread stack sizes (-Xss)
#   Set larger code cache with -XX:ReservedCodeCacheSize=
# This output file may be truncated or incomplete.
#
#  Out of Memory Error (t:/workspace/open/src/hotspot/os/windows/os_windows.cpp:3221), pid=16732, tid=4680
#
# JRE version:  (10.0.2+13) (build )
# Java VM: Java HotSpot(TM) 64-Bit Server VM (10.0.2+13, mixed mode, aot, tiered, compressed oops, g1 gc, windows-amd64)
# No core dump will be written. Minidumps are not enabled by default on client versions of Windows
#

---------------  S U M M A R Y ------------

Command Line: C:\Users\Karl\Miniconda3\envs\thesis-env\lib\site-packages\estnltk\java-res\Osalau.jar -pyvabamorf

Host: Intel(R) Core(TM) i5-6300HQ CPU @ 2.30GHz, 4 cores, 15G,  Windows 10 , 64 bit Build 18362 (10.0.18362.329)
Time: Tue Feb 04 14:57:41 2020 FLE Standard Time elapsed time: 0 seconds (0d 0h 0m 0s)

---------------  T H R E A D  ---------------

Current thread (0x000002c2a5699800):  JavaThread "Unknown thread" [_thread_in_vm, id=4680, stack(0x000000f235a00000,0x000000f235b00000)]

Stack: [0x000000f235a00000,0x000000f235b00000]
Native frames: (J=compiled Java code, j=interpreted, Vv=VM code, C=native code)
V  [jvm.dll+0x5a01a9]
V  [jvm.dll+0x6bcf31]
V  [jvm.dll+0x6be126]
V  [jvm.dll+0x6be7b3]
V  [jvm.dll+0x234978]
V  [jvm.dll+0x59dac4]
V  [jvm.dll+0x592825]
V  [jvm.dll+0x2f632b]
V  [jvm.dll+0x2f6295]
V  [jvm.dll+0x2f6172]
V  [jvm.dll+0x2f8366]
V  [jvm.dll+0x344293]
V  [jvm.dll+0x3449a6]
V  [jvm.dll+0x344393]
V  [jvm.dll+0x2c4628]
V  [jvm.dll+0x2c5771]
V  [jvm.dll+0x69d1db]
V  [jvm.dll+0x69e9fc]
V  [jvm.dll+0x3519e9]
V  [jvm.dll+0x6856a2]
V  [jvm.dll+0x3ba0c3]
V  [jvm.dll+0x3bc261]
C  [java.exe+0x3531]
C  [java.exe+0xe1af]
C  [java.exe+0xe356]
C  [KERNEL32.DLL+0x17bd4]
C  [ntdll.dll+0x6ced1]


---------------  P R O C E S S  ---------------

Threads class SMR info:
_java_thread_list=0x000002c2a34532b0, length=0, elements={
}

Java Threads: ( => current thread )

Other Threads:
  0x000002c2a56b2800 GCTaskThread "GC Thread#0" [stack: 0x000000f235b00000,0x000000f235c00000] [id=22400]
  0x000002c2a56b4000 GCTaskThread "GC Thread#1" [stack: 0x000000f235c00000,0x000000f235d00000] [id=24288]
  0x000002c2a56b5800 GCTaskThread "GC Thread#2" [stack: 0x000000f235d00000,0x000000f235e00000] [id=21820]
  0x000002c2a56b8000 GCTaskThread "GC Thread#3" [stack: 0x000000f235e00000,0x000000f235f00000] [id=23040]
  0x000002c2a5706000 ConcurrentGCThread "G1 Main Marker" [stack: 0x000000f235f00000,0x000000f236000000] [id=24372]
  0x000002c2a5709000 ConcurrentGCThread "G1 Conc#0" [stack: 0x000000f236000000,0x000000f236100000] [id=7596]

[error occurred during error reporting (printing all threads), id 0xe0000002]

VM state:not at safepoint (not fully initialized)

VM Mutex/Monitor currently owned by a thread:  ([mutex/lock_event])
[0x000002c2a5698c90] Heap_lock - owner thread: 0x000002c2a5699800

Heap address: 0x00000006c3200000, size: 4046 MB, Compressed Oops mode: Non-zero based: 0x00000006c3200000
Narrow klass base: 0x0000000000000000, Narrow klass shift: 0

GC Heap History (0 events):
No events

Deoptimization events (0 events):
No events

Classes redefined (0 events):
No events

Internal exceptions (0 events):
No events

Events (0 events):
No events


Dynamic libraries:
0x00007ff7d0030000 - 0x00007ff7d006e000 	C:\Program Files (x86)\Common Files\Oracle\Java\javapath\java.exe
0x00007ffecc9c0000 - 0x00007ffeccbb0000 	C:\WINDOWS\SYSTEM32\ntdll.dll
0x00007ffecba10000 - 0x00007ffecbac2000 	C:\WINDOWS\System32\KERNEL32.DLL
0x00007ffeca610000 - 0x00007ffeca8b3000 	C:\WINDOWS\System32\KERNELBASE.dll
0x00007ffecb7b0000 - 0x00007ffecb853000 	C:\WINDOWS\System32\ADVAPI32.dll
0x00007ffecac80000 - 0x00007ffecad1e000 	C:\WINDOWS\System32\msvcrt.dll
0x00007ffecb570000 - 0x00007ffecb607000 	C:\WINDOWS\System32\sechost.dll
0x00007ffecc6d0000 - 0x00007ffecc7f0000 	C:\WINDOWS\System32\RPCRT4.dll
0x00007ffecae60000 - 0x00007ffecaff4000 	C:\WINDOWS\System32\USER32.dll
0x00007ffeca8c0000 - 0x00007ffeca8e1000 	C:\WINDOWS\System32\win32u.dll
0x00007ffecc630000 - 0x00007ffecc656000 	C:\WINDOWS\System32\GDI32.dll
0x00007ffeca300000 - 0x00007ffeca494000 	C:\WINDOWS\System32\gdi32full.dll
0x00007ffeca9a0000 - 0x00007ffecaa3e000 	C:\WINDOWS\System32\msvcp_win.dll
0x00007ffec9a20000 - 0x00007ffec9b1a000 	C:\WINDOWS\System32\ucrtbase.dll
0x00007ffeb8ab0000 - 0x00007ffeb8d35000 	C:\WINDOWS\WinSxS\amd64_microsoft.windows.common-controls_6595b64144ccf1df_6.0.18362.592_none_e6c0b1911312be02\COMCTL32.dll
0x00007ffecb230000 - 0x00007ffecb566000 	C:\WINDOWS\System32\combase.dll
0x00007ffec9950000 - 0x00007ffec99d0000 	C:\WINDOWS\System32\bcryptPrimitives.dll
0x00007ffebd800000 - 0x00007ffebd80a000 	C:\WINDOWS\SYSTEM32\VERSION.dll
0x00007ffecac50000 - 0x00007ffecac7e000 	C:\WINDOWS\System32\IMM32.DLL
0x00007ffe67760000 - 0x00007ffe6784f000 	C:\Program Files\Java\jre-10.0.2\bin\msvcr120.dll
0x00007ffe676b0000 - 0x00007ffe67756000 	C:\Program Files\Java\jre-10.0.2\bin\msvcp120.dll
0x0000000077120000 - 0x0000000077b90000 	C:\Program Files\Java\jre-10.0.2\bin\server\jvm.dll
0x00007ffecc8a0000 - 0x00007ffecc8a8000 	C:\WINDOWS\System32\PSAPI.DLL
0x00007ffec5cc0000 - 0x00007ffec5ce4000 	C:\WINDOWS\SYSTEM32\WINMM.dll
0x00007ffea95a0000 - 0x00007ffea95a9000 	C:\WINDOWS\SYSTEM32\WSOCK32.dll
0x00007ffecc660000 - 0x00007ffecc6cf000 	C:\WINDOWS\System32\WS2_32.dll
0x00007ffec5b90000 - 0x00007ffec5bbd000 	C:\WINDOWS\SYSTEM32\winmmbase.dll
0x00007ffec99d0000 - 0x00007ffec9a1a000 	C:\WINDOWS\System32\cfgmgr32.dll
0x00007ffec2160000 - 0x00007ffec216f000 	C:\Program Files\Java\jre-10.0.2\bin\verify.dll
0x00007ffec8040000 - 0x00007ffec8234000 	C:\WINDOWS\SYSTEM32\DBGHELP.DLL
0x00007ffeaec40000 - 0x00007ffeaec6a000 	C:\WINDOWS\SYSTEM32\dbgcore.DLL
0x00007ffe88730000 - 0x00007ffe88757000 	C:\Program Files\Java\jre-10.0.2\bin\java.dll
0x00007ffec2140000 - 0x00007ffec2156000 	C:\Program Files\Java\jre-10.0.2\bin\zip.dll
0x00007ffe8fa20000 - 0x00007ffe8fa2a000 	C:\Program Files\Java\jre-10.0.2\bin\jimage.dll

dbghelp: loaded successfully - version: 4.0.5 - missing functions: none
symbol engine: initialized successfully - sym options: 0x614 - pdb path: .;C:\Program Files (x86)\Common Files\Oracle\Java\javapath;C:\WINDOWS\SYSTEM32;C:\WINDOWS\WinSxS\amd64_microsoft.windows.common-controls_6595b64144ccf1df_6.0.18362.592_none_e6c0b1911312be02;C:\Program Files\Java\jre-10.0.2\bin;C:\Program Files\Java\jre-10.0.2\bin\server

VM Arguments:
java_command: C:\Users\Karl\Miniconda3\envs\thesis-env\lib\site-packages\estnltk\java-res\Osalau.jar -pyvabamorf
java_class_path (initial): C:\Users\Karl\Miniconda3\envs\thesis-env\lib\site-packages\estnltk\java-res\Osalau.jar
Launcher Type: SUN_STANDARD

Logging:
Log output configuration:
#0: stdout all=warning uptime,level,tags
#1: stderr all=off uptime,level,tags

Environment Variables:
PATH=C:\Users\Karl\Miniconda3\envs\thesis-env\lib\site-packages\pywin32_system32;C:\Users\Karl\Miniconda3\envs\thesis-env\lib\site-packages\pywin32_system32;C:\Users\Karl\Miniconda3\envs\thesis-env;C:\Users\Karl\Miniconda3\envs\thesis-env\Library\mingw-w64\bin;C:\Users\Karl\Miniconda3\envs\thesis-env\Library\usr\bin;C:\Users\Karl\Miniconda3\envs\thesis-env\Library\bin;C:\Users\Karl\Miniconda3\envs\thesis-env\Scripts;C:\Users\Karl\Miniconda3\envs\thesis-env\bin;C;C:\Program Files\Git\Users\Karl\Miniconda3;C;C:\Program Files\Git\Users\Karl\Miniconda3\Library\mingw-w64\bin;C;C:\Program Files\Git\Users\Karl\Miniconda3\Library\usr\bin;C;C:\Program Files\Git\Users\Karl\Miniconda3\Library\bin;C;C:\Program Files\Git\Users\Karl\Miniconda3\Scripts;C;C:\Program Files\Git\Users\Karl\Miniconda3\bin;C;C:\Program Files\Git\Users\Karl\Miniconda3\Scripts\condabin;C:\Program Files\Git\mingw64\bin;C:\Program Files\Git\usr\bin;C:\Users\Karl\bin;C:\Program Files (x86)\Common Files\Oracle\Java\javapath;C:\ProgramData\Oracle\Java\javapath;C:\Program Files (x86)\Intel\iCLS Client;C:\Program Files\Intel\iCLS Client;C:\Windows\system32;C:\Windows;C:\Windows\System32\Wbem;C:\Windows\System32\WindowsPowerShell\v1.0;C:\Program Files (x86)\Intel\Intel(R) Management Engine Components\DAL;C:\Program Files\Intel\Intel(R) Management Engine Components\DAL;C:\Program Files (x86)\Intel\Intel(R) Management Engine Components\IPT;C:\Program Files\Intel\Intel(R) Management Engine Components\IPT;C:\Program Files\Intel\WiFi\bin;C:\Program Files\Common Files\Intel\WirelessCommon;C:\Program Files (x86)\Calibre2;C:\WINDOWS\system32;C:\WINDOWS;C:\WINDOWS\System32\Wbem;C:\WINDOWS\System32\WindowsPowerShell\v1.0;C:\WINDOWS\System32\OpenSSH;C:\Program Files\Git\cmd;C:\Program Files\NVIDIA Corporation\NVIDIA NvDLISR;C:\Program Files (x86)\IDEMIA\AWP\Dlls;C:\Program Files\IDEMIA\AWP\Dlls;C:\Program Files (x86)\NVIDIA Corporation\PhysX\Common;C:\Users\Karl\go\bin;C:\Program Files\nodejs;C:\WINDOWS\system32;C:\WINDOWS;C:\
USERNAME=Karl
OS=Windows_NT
PROCESSOR_IDENTIFIER=Intel64 Family 6 Model 94 Stepping 3, GenuineIntel



---------------  S Y S T E M  ---------------

OS: Windows 10 , 64 bit Build 18362 (10.0.18362.329)

CPU:total 4 (initial active 4) (4 cores per cpu, 1 threads per core) family 6 model 94 stepping 3, cmov, cx8, fxsr, mmx, sse, sse2, sse3, ssse3, sse4.1, sse4.2, popcnt, avx, avx2, aes, clmul, erms, rtm, 3dnowpref, lzcnt, tsc, tscinvbit, bmi1, bmi2, adx, fma

Memory: 4k page, physical 16567276k(4165316k free), swap 37065584k(33352k free)

vm_info: Java HotSpot(TM) 64-Bit Server VM (10.0.2+13) for windows-amd64 JRE (10.0.2+13), built on Jun 28 2018 01:57:56 by "mach5one" with MS VC++ 12.0 (VS2013)

END.
